<?xml version="1.0" encoding="UTF-8"?>
<!-- Generated by org.testng.reporters.JUnitReportReporter -->
<testsuite hostname="Vijay" name="TestFinalFramework.ValidateNavigationBar" tests="1" failures="0" timestamp="28 Dec 2019 18:12:36 GMT" time="0.627" errors="0">
  <testcase name="NavigationBarCheck" time="0.627" classname="TestFinalFramework.ValidateNavigationBar"/>
</testsuite> <!-- TestFinalFramework.ValidateNavigationBar -->
