<?xml version="1.0" encoding="UTF-8"?>
<!-- Generated by org.testng.reporters.JUnitReportReporter -->
<testsuite hostname="Vijay" name="TestFinalFramework.HomePage" tests="1" failures="0" timestamp="28 Dec 2019 18:12:36 GMT" time="50.811" errors="0">
  <testcase name="homePageNavigation" time="50.811" classname="TestFinalFramework.HomePage"/>
</testsuite> <!-- TestFinalFramework.HomePage -->
