<?xml version="1.0" encoding="UTF-8"?>
<!-- Generated by org.testng.reporters.JUnitReportReporter -->
<testsuite hostname="Vijay" name="TestFinalFramework.ValidateTitle" tests="2" failures="0" timestamp="28 Dec 2019 18:12:36 GMT" time="0.486" errors="0">
  <testcase name="TitleCheck" time="0.418" classname="TestFinalFramework.ValidateTitle"/>
  <testcase name="validateHeader" time="0.068" classname="TestFinalFramework.ValidateTitle"/>
</testsuite> <!-- TestFinalFramework.ValidateTitle -->
