<?xml version="1.0" encoding="UTF-8"?>
<!-- Generated by org.testng.reporters.JUnitReportReporter -->
<testsuite hostname="Vijay" name="TestFinalFramework.ValidateTitle" tests="2" failures="0" timestamp="26 Dec 2019 11:49:48 GMT" time="6.798" errors="0">
  <testcase name="validateHeader" time="0.205" classname="TestFinalFramework.ValidateTitle"/>
  <testcase name="TitleCheck" time="6.593" classname="TestFinalFramework.ValidateTitle"/>
</testsuite> <!-- TestFinalFramework.ValidateTitle -->
