<?xml version="1.0" encoding="UTF-8"?>
<!-- Generated by org.testng.reporters.JUnitReportReporter -->
<testsuite hostname="Vijay" name="TestFinalFramework.HomePage" tests="1" failures="0" timestamp="26 Dec 2019 11:49:48 GMT" time="34.185" errors="0">
  <testcase name="homePageNavigation" time="34.185" classname="TestFinalFramework.HomePage"/>
</testsuite> <!-- TestFinalFramework.HomePage -->
