<?xml version="1.0" encoding="UTF-8"?>
<!-- Generated by org.testng.reporters.JUnitReportReporter -->
<testsuite hostname="Vijay" name="TestFinalFramework.ValidateNavigationBar" tests="1" failures="0" timestamp="26 Dec 2019 11:49:48 GMT" time="7.671" errors="0">
  <testcase name="NavigationBarCheck" time="7.671" classname="TestFinalFramework.ValidateNavigationBar"/>
</testsuite> <!-- TestFinalFramework.ValidateNavigationBar -->
